<?xml version="1.0" encoding="UTF-8"?>
<testng-results skipped="0" failed="0" total="0" passed="0">
  <reporter-output>
  </reporter-output>
  <suite name="Command line suite" duration-ms="29298" started-at="2018-10-06T02:04:43Z" finished-at="2018-10-06T02:05:12Z">
    <groups>
    </groups>
    <test name="Command line test" duration-ms="29298" started-at="2018-10-06T02:04:43Z" finished-at="2018-10-06T02:05:12Z">
      <class name="com.ecommercetestng.test.BaseEcommerceTest">
        <test-method status="PASS" signature="setUp()[pri:0, instance:com.ecommercetestng.test.BaseEcommerceTest@edf4efb]" name="setUp" is-config="true" duration-ms="15162" started-at="2018-10-05T19:04:43Z" finished-at="2018-10-05T19:04:58Z">
          <reporter-output>
          </reporter-output>
        </test-method> <!-- setUp -->
        <test-method status="PASS" signature="setUp()[pri:0, instance:com.ecommercetestng.test.BaseOrderProcessingTest@2f7a2457]" name="setUp" is-config="true" duration-ms="14047" started-at="2018-10-05T19:04:58Z" finished-at="2018-10-05T19:05:12Z">
          <reporter-output>
          </reporter-output>
        </test-method> <!-- setUp -->
        <test-method status="PASS" signature="cleanUp()[pri:0, instance:com.ecommercetestng.test.BaseEcommerceTest@edf4efb]" name="cleanUp" is-config="true" duration-ms="51" started-at="2018-10-05T19:05:12Z" finished-at="2018-10-05T19:05:12Z">
          <reporter-output>
          </reporter-output>
        </test-method> <!-- cleanUp -->
        <test-method status="PASS" signature="cleanUp()[pri:0, instance:com.ecommercetestng.test.BaseOrderProcessingTest@2f7a2457]" name="cleanUp" is-config="true" duration-ms="34" started-at="2018-10-05T19:05:12Z" finished-at="2018-10-05T19:05:12Z">
          <reporter-output>
          </reporter-output>
        </test-method> <!-- cleanUp -->
      </class> <!-- com.ecommercetestng.test.BaseEcommerceTest -->
    </test> <!-- Command line test -->
  </suite> <!-- Command line suite -->
</testng-results>
